<?xml version="1.0" encoding="UTF-8"?>
<robot generator="Robot 3.1.2 (Python 3.7.4 on win32)" generated="20200318 14:41:26.588" rpa="false">
<suite id="s1" name="ROBOTFMFPG2" source="C:\Users\Stephane\eclipse-workspace\ROBOTFMFPG2">
<suite id="s1-s1" name="navigationTest" source="C:\Users\Stephane\eclipse-workspace\ROBOTFMFPG2\navigationTest.robot">
<test id="s1-s1-t1" name="Inscription CGM">
<kw name="Ouvrir CGM">
<kw name="Open Browser" library="SeleniumLibrary">
<doc>Opens a new browser instance to the optional ``url``.</doc>
<arguments>
<arg>${URL_CGM}</arg>
<arg>${NAVIGATEUR}</arg>
</arguments>
<msg timestamp="20200318 14:41:26.778" level="INFO">Opening browser 'Chrome' to base url 'https://inscriptioncgm.mg/mon-compte'.</msg>
<status status="PASS" starttime="20200318 14:41:26.778" endtime="20200318 14:41:34.338"></status>
</kw>
<status status="PASS" starttime="20200318 14:41:26.777" endtime="20200318 14:41:34.338"></status>
</kw>
<kw name="utilisateur">
<arguments>
<arg>${user}</arg>
</arguments>
<kw name="Input Text" library="SeleniumLibrary">
<doc>Types the given ``text`` into the text field identified by ``locator``.</doc>
<arguments>
<arg>id=email</arg>
<arg>${user}</arg>
</arguments>
<msg timestamp="20200318 14:41:34.340" level="INFO">Typing text 'test@test.test' into text field 'id=email'.</msg>
<status status="PASS" starttime="20200318 14:41:34.339" endtime="20200318 14:41:34.441"></status>
</kw>
<status status="PASS" starttime="20200318 14:41:34.339" endtime="20200318 14:41:34.442"></status>
</kw>
<kw name="mot de passe">
<arguments>
<arg>${mdp}</arg>
</arguments>
<kw name="Input Text" library="SeleniumLibrary">
<doc>Types the given ``text`` into the text field identified by ``locator``.</doc>
<arguments>
<arg>id=passwd</arg>
<arg>${mdp}</arg>
</arguments>
<msg timestamp="20200318 14:41:34.443" level="INFO">Typing text 'test1' into text field 'id=passwd'.</msg>
<status status="PASS" starttime="20200318 14:41:34.443" endtime="20200318 14:41:34.519"></status>
</kw>
<status status="PASS" starttime="20200318 14:41:34.442" endtime="20200318 14:41:34.520"></status>
</kw>
<kw name="Click Button" library="SeleniumLibrary">
<doc>Clicks the button identified by ``locator``.</doc>
<arguments>
<arg>id=SubmitLogin</arg>
</arguments>
<msg timestamp="20200318 14:41:34.520" level="INFO">Clicking button 'id=SubmitLogin'.</msg>
<status status="PASS" starttime="20200318 14:41:34.520" endtime="20200318 14:41:35.675"></status>
</kw>
<kw name="Input Text" library="SeleniumLibrary">
<doc>Types the given ``text`` into the text field identified by ``locator``.</doc>
<arguments>
<arg>id=search_query_top</arg>
<arg>bourts</arg>
</arguments>
<msg timestamp="20200318 14:41:35.676" level="INFO">Typing text 'bourts' into text field 'id=search_query_top'.</msg>
<status status="PASS" starttime="20200318 14:41:35.676" endtime="20200318 14:41:35.753"></status>
</kw>
<status status="PASS" starttime="20200318 14:41:26.777" endtime="20200318 14:41:35.753" critical="yes"></status>
</test>
<status status="PASS" starttime="20200318 14:41:26.634" endtime="20200318 14:41:35.753"></status>
</suite>
<status status="PASS" starttime="20200318 14:41:26.614" endtime="20200318 14:41:35.755"></status>
</suite>
<statistics>
<total>
<stat pass="1" fail="0">Critical Tests</stat>
<stat pass="1" fail="0">All Tests</stat>
</total>
<tag>
</tag>
<suite>
<stat pass="1" fail="0" id="s1" name="ROBOTFMFPG2">ROBOTFMFPG2</stat>
<stat pass="1" fail="0" id="s1-s1" name="navigationTest">ROBOTFMFPG2.navigationTest</stat>
</suite>
</statistics>
<errors>
</errors>
</robot>
